<?xml version="1.0" encoding="UTF-8"?>
<testng-results ignored="0" total="2" passed="2" failed="0" skipped="0">
  <reporter-output>
  </reporter-output>
  <suite started-at="2021-12-01T19:07:04 IST" name="Sample Suite" finished-at="2021-12-01T19:07:41 IST" duration-ms="36694">
    <groups>
    </groups>
    <test started-at="2021-12-01T19:07:04 IST" name="Test Basics 1" finished-at="2021-12-01T19:07:41 IST" duration-ms="36694">
      <class name="com.wescodist.automation.sample.SampleTest">
        <test-method is-config="true" signature="OpenUrl(java.lang.String)[pri:0, instance:com.wescodist.automation.sample.SampleTest@44a664f2]" started-at="2021-12-01T19:07:04 IST" name="OpenUrl" finished-at="2021-12-01T19:07:06 IST" duration-ms="1551" status="PASS">
          <params>
            <param index="0">
              <value>
                <![CDATA[localchrome]]>
              </value>
            </param>
          </params>
          <reporter-output>
          </reporter-output>
        </test-method> <!-- OpenUrl -->
        <test-method signature="testLoginPage()[pri:0, instance:com.wescodist.automation.sample.SampleTest@44a664f2]" started-at="2021-12-01T19:07:06 IST" name="testLoginPage" finished-at="2021-12-01T19:07:41 IST" duration-ms="34907" status="PASS">
          <reporter-output>
          </reporter-output>
        </test-method> <!-- testLoginPage -->
        <test-method signature="testSample1()[pri:0, instance:com.wescodist.automation.sample.SampleTest@44a664f2]" started-at="2021-12-01T19:07:41 IST" name="testSample1" finished-at="2021-12-01T19:07:41 IST" duration-ms="8" status="PASS">
          <reporter-output>
          </reporter-output>
        </test-method> <!-- testSample1 -->
        <test-method is-config="true" signature="CleanBrowser()[pri:0, instance:com.wescodist.automation.sample.SampleTest@44a664f2]" started-at="2021-12-01T19:07:41 IST" name="CleanBrowser" finished-at="2021-12-01T19:07:41 IST" duration-ms="203" status="PASS">
          <reporter-output>
          </reporter-output>
        </test-method> <!-- CleanBrowser -->
      </class> <!-- com.wescodist.automation.sample.SampleTest -->
    </test> <!-- Test Basics 1 -->
  </suite> <!-- Sample Suite -->
</testng-results>
